<?xml version="1.0" encoding="UTF-8"?>
<!-- Generated by org.testng.reporters.JUnitReportReporter -->
<testsuite skipped="0" hostname="LAPTOP-CND0JEEU" name="TestRunner" tests="3" failures="0" timestamp="2021-07-10T13:55:58 EDT" time="9.009" errors="0">
  <testcase name="runScenario" time="1.726" classname="TestRunner"/>
  <system-out/>
  <testcase name="runScenario" time="3.408" classname="TestRunner"/>
  <system-out/>
  <testcase name="runScenario" time="3.875" classname="TestRunner"/>
  <system-out/>
</testsuite> <!-- TestRunner -->
