<?xml version="1.0" encoding="UTF-8"?>
<!-- Generated by org.testng.reporters.JUnitReportReporter -->
<testsuite skipped="0" hostname="LAPTOP-CND0JEEU" name="TestRunner" tests="4" failures="0" timestamp="2021-07-12T10:56:17 EDT" time="13.850" errors="0">
  <testcase name="runScenario" time="4.814" classname="TestRunner"/>
  <system-out/>
  <testcase name="runScenario" time="2.864" classname="TestRunner"/>
  <system-out/>
  <testcase name="runScenario" time="3.535" classname="TestRunner"/>
  <system-out/>
  <testcase name="runScenario" time="2.637" classname="TestRunner"/>
  <system-out/>
</testsuite> <!-- TestRunner -->
