<?xml version="1.0" encoding="UTF-8"?>
<!-- Generated by org.testng.reporters.JUnitReportReporter -->
<testsuite skipped="0" hostname="LAPTOP-CND0JEEU" name="TestRunner" tests="1" failures="0" timestamp="2021-07-08T14:40:08 EDT" time="7.211" errors="0">
  <testcase name="runScenario" time="7.211" classname="TestRunner"/>
  <system-out/>
</testsuite> <!-- TestRunner -->
