<?xml version="1.0" encoding="UTF-8"?>
<!-- Generated by org.testng.reporters.JUnitReportReporter -->
<testsuite skipped="0" hostname="LAPTOP-CND0JEEU" name="TestRunner" tests="3" failures="0" timestamp="2021-07-10T12:26:46 EDT" time="10.862" errors="0">
  <testcase name="runScenario" time="4.448" classname="TestRunner"/>
  <system-out/>
  <testcase name="runScenario" time="4.406" classname="TestRunner"/>
  <system-out/>
  <testcase name="runScenario" time="2.008" classname="TestRunner"/>
  <system-out/>
</testsuite> <!-- TestRunner -->
